<?xml version="1.0" encoding="UTF-8"?>
<!-- Generated by org.testng.reporters.JUnitReportReporter -->
<testsuite hostname="cavirin" failures="0" tests="1" name="testcases.TC4_SeachProduct" time="1.789" errors="0" timestamp="2024-11-20T14:45:15 IST" skipped="0">
  <testcase classname="testcases.TC4_SeachProduct" name="testProductSearch" time="1.789"/>
</testsuite> <!-- testcases.TC4_SeachProduct -->
